C:\Users\MORIL027\Documents\GitHub\QMB6315S25_Grading\Brian-Carter-QMB6315-Solutions\assignment_03

a) All Records:
(' New Jersey', 8899339, 7354.0)
(' Rhode Island', 1051511, 1034.0)
(' Massachusetts', 6692824, 7800.0)
(' Connecticut', 3596080, 4842.0)
(' Maryland', 5928814, 9707.0)
(' Delaware', 925749, 1949.0)
(' New York', 19651127, 47126.0)
(' Florida', 19552860, 53625.0)
(' Pennsylvania', 12773801, 44743.0)
(' Ohio', 11570808, 40861.0)
(' California', 38332521, 155779.0)
(' Illinois', 12882135, 55519.0)
(' Hawaii', 1404054, 6423.0)
(' Virginia', 8260405, 39490.0)
(' North Carolina', 9848060, 48618.0)
(' Indiana', 6570902, 35826.0)
(' Michigan', 9895622, 56539.0)
(' Georgia', 9992167, 57513.0)
(' South Carolina', 4774839, 30061.0)
(' Tennessee', 6495978, 41235.0)
(' New Hampshire', 1323459, 8953.0)
(' Kentucky', 4395295, 39486.0)
(' Louisiana', 4625470, 43204.0)
(' Wisconsin', 5742713, 54158.0)
(' Washington', 6971406, 66456.0)
(' Texas', 26448193, 261232.0)
(' Alabama', 4833722, 50645.0)
(' Missouri', 6044171, 68742.0)
(' West Virginia', 1854304, 24038.0)
(' Minnesota', 5420380, 79627.0)
(' Vermont', 626630, 9217.0)
(' Mississippi', 2991207, 46923.0)
(' Arizona', 6626624, 113594.0)
(' Arkansas', 2959373, 52035.0)
(' Oklahoma', 3850568, 68595.0)
(' Iowa', 3090416, 55857.0)
(' Colorado', 5268367, 103642.0)
(' Maine', 1328302, 30843.0)
(' Oregon', 3930065, 95988.0)
(' Kansas', 2893957, 81759.0)
(' Utah', 2900872, 82170.0)
(' Nevada', 2790136, 109781.0)
(' Nebraska', 1868516, 76824.0)
(' Idaho', 1612136, 82643.0)
(' New Mexico', 2085287, 121298.0)
(' South Dakota', 844877, 75811.0)
(' North Dakota', 723393, 69001.0)
(' Montana', 1015165, 145546.0)
(' Wyoming', 582658, 97093.0)
(' Alaska', 735132, 570641.0)
(' D.C.', 646449, 61.0)
(' Puerto Rico', 3615086, 3424.0)
(' U.S. Virgin Is.', 106405, 134.0)
(' Guam', 159358, 210.0)
(' American Samoa', 55519, 76.0)
(' N. Mariana Is.', 53883, 182.0)

b) Populations:
(' New Jersey', 8899339)
(' Rhode Island', 1051511)
(' Massachusetts', 6692824)
(' Connecticut', 3596080)
(' Maryland', 5928814)
(' Delaware', 925749)
(' New York', 19651127)
(' Florida', 19552860)
(' Pennsylvania', 12773801)
(' Ohio', 11570808)
(' California', 38332521)
(' Illinois', 12882135)
(' Hawaii', 1404054)
(' Virginia', 8260405)
(' North Carolina', 9848060)
(' Indiana', 6570902)
(' Michigan', 9895622)
(' Georgia', 9992167)
(' South Carolina', 4774839)
(' Tennessee', 6495978)
(' New Hampshire', 1323459)
(' Kentucky', 4395295)
(' Louisiana', 4625470)
(' Wisconsin', 5742713)
(' Washington', 6971406)
(' Texas', 26448193)
(' Alabama', 4833722)
(' Missouri', 6044171)
(' West Virginia', 1854304)
(' Minnesota', 5420380)
(' Vermont', 626630)
(' Mississippi', 2991207)
(' Arizona', 6626624)
(' Arkansas', 2959373)
(' Oklahoma', 3850568)
(' Iowa', 3090416)
(' Colorado', 5268367)
(' Maine', 1328302)
(' Oregon', 3930065)
(' Kansas', 2893957)
(' Utah', 2900872)
(' Nevada', 2790136)
(' Nebraska', 1868516)
(' Idaho', 1612136)
(' New Mexico', 2085287)
(' South Dakota', 844877)
(' North Dakota', 723393)
(' Montana', 1015165)
(' Wyoming', 582658)
(' Alaska', 735132)
(' D.C.', 646449)
(' Puerto Rico', 3615086)
(' U.S. Virgin Is.', 106405)
(' Guam', 159358)
(' American Samoa', 55519)
(' N. Mariana Is.', 53883)

c) Population less than 1 million:
(' Delaware', 925749, 1949.0)
(' Vermont', 626630, 9217.0)
(' South Dakota', 844877, 75811.0)
(' North Dakota', 723393, 69001.0)
(' Wyoming', 582658, 97093.0)
(' Alaska', 735132, 570641.0)
(' D.C.', 646449, 61.0)
(' U.S. Virgin Is.', 106405, 134.0)
(' Guam', 159358, 210.0)
(' American Samoa', 55519, 76.0)
(' N. Mariana Is.', 53883, 182.0)

e) Population <1M or >5M:
(' New Jersey', 8899339, 7354.0)
(' Massachusetts', 6692824, 7800.0)
(' Maryland', 5928814, 9707.0)
(' Delaware', 925749, 1949.0)
(' New York', 19651127, 47126.0)
(' Florida', 19552860, 53625.0)
(' Pennsylvania', 12773801, 44743.0)
(' Ohio', 11570808, 40861.0)
(' California', 38332521, 155779.0)
(' Illinois', 12882135, 55519.0)
(' Virginia', 8260405, 39490.0)
(' North Carolina', 9848060, 48618.0)
(' Indiana', 6570902, 35826.0)
(' Michigan', 9895622, 56539.0)
(' Georgia', 9992167, 57513.0)
(' Tennessee', 6495978, 41235.0)
(' Wisconsin', 5742713, 54158.0)
(' Washington', 6971406, 66456.0)
(' Texas', 26448193, 261232.0)
(' Missouri', 6044171, 68742.0)
(' Minnesota', 5420380, 79627.0)
(' Vermont', 626630, 9217.0)
(' Arizona', 6626624, 113594.0)
(' Colorado', 5268367, 103642.0)
(' South Dakota', 844877, 75811.0)
(' North Dakota', 723393, 69001.0)
(' Wyoming', 582658, 97093.0)
(' Alaska', 735132, 570641.0)
(' D.C.', 646449, 61.0)
(' U.S. Virgin Is.', 106405, 134.0)
(' Guam', 159358, 210.0)
(' American Samoa', 55519, 76.0)
(' N. Mariana Is.', 53883, 182.0)

h) States with population between 1M and 5M:
(' Rhode Island', 1051511, 1034.0)
(' Connecticut', 3596080, 4842.0)
(' Hawaii', 1404054, 6423.0)
(' South Carolina', 4774839, 30061.0)
(' New Hampshire', 1323459, 8953.0)
(' Kentucky', 4395295, 39486.0)
(' Louisiana', 4625470, 43204.0)
(' Alabama', 4833722, 50645.0)
(' West Virginia', 1854304, 24038.0)
(' Mississippi', 2991207, 46923.0)
(' Arkansas', 2959373, 52035.0)
(' Oklahoma', 3850568, 68595.0)
(' Iowa', 3090416, 55857.0)
(' Maine', 1328302, 30843.0)
(' Oregon', 3930065, 95988.0)
(' Kansas', 2893957, 81759.0)
(' Utah', 2900872, 82170.0)
(' Nevada', 2790136, 109781.0)
(' Nebraska', 1868516, 76824.0)
(' Idaho', 1612136, 82643.0)
(' New Mexico', 2085287, 121298.0)
(' Montana', 1015165, 145546.0)
(' Puerto Rico', 3615086, 3424.0)
(' Alabama', 'Montgomery', 159.8, 198525)
(' Alaska', 'Juneau', 2716.7, 32113)
(' Arizona', 'Phoenix', 517.6, 1680992)
(' Arkansas', 'Little Rock', 116.2, 197312)
(' California', 'Sacramento', 97.9, 513624)
(' Colorado', 'Denver', 153.3, 727211)
(' Connecticut', 'Hartford', 17.3, 122105)
(' Delaware', 'Dover', 22.4, 38079)
(' Florida', 'Tallahassee', 95.7, 194500)
(' Georgia', 'Atlanta', 133.5, 506811)
(' Hawaii', 'Honolulu', 68.4, 345064)
(' Idaho', 'Boise', 63.8, 228959)
(' Illinois', 'Springfield', 54.0, 114230)
(' Indiana', 'Indianapolis', 361.5, 876384)
(' Iowa', 'Des Moines', 75.8, 214237)
(' Kansas', 'Topeka', 56.0, 125310)
(' Kentucky', 'Frankfort', 14.7, 27679)
(' Louisiana', 'Baton Rouge', 76.8, 220236)
(' Maine', 'Augusta', 55.4, 18681)
(' Maryland', 'Annapolis', 6.73, 39174)
(' Massachusetts', 'Boston', 89.6, 692600)
(' Michigan', 'Lansing', 35.0, 118210)
(' Minnesota', 'Saint Paul', 52.8, 308096)
(' Mississippi', 'Jackson', 104.9, 160628)
(' Missouri', 'Jefferson City', 27.3, 42838)
(' Montana', 'Helena', 14.0, 32315)
(' Nebraska', 'Lincoln', 74.6, 289102)
(' Nevada', 'Carson City', 143.4, 55916)
(' New Hampshire', 'Concord', 64.3, 43627)
(' New Jersey', 'Trenton', 7.66, 83203)
(' New Mexico', 'Santa Fe', 37.3, 84683)
(' New York', 'Albany', 21.4, 96460)
(' North Carolina', 'Raleigh', 114.6, 474069)
(' North Dakota', 'Bismarck', 26.9, 73529)
(' Ohio', 'Columbus', 210.3, 898553)
(' Oklahoma', 'Oklahoma City', 620.3, 655057)
(' Oregon', 'Salem', 45.7, 174365)
(' Pennsylvania', 'Harrisburg', 8.11, 49528)
(' Rhode Island', 'Providence', 18.5, 179883)
(' South Carolina', 'Columbia', 125.2, 131674)
(' South Dakota', 'Pierre', 13.0, 13646)
(' Tennessee', 'Nashville', 525.9, 670820)
(' Texas', 'Austin', 305.1, 978908)
(' Utah', 'Salt Lake City', 109.1, 200567)
(' Vermont', 'Montpelier', 10.2, 7855)
(' Virginia', 'Richmond', 60.1, 230436)
(' Washington', 'Olympia', 16.7, 46478)
(' West Virginia', 'Charleston', 31.6, 46536)
(' Wisconsin', 'Madison', 68.7, 259680)
(' Wyoming', 'Cheyenne', 21.1, 64235)
(4833722, 198525)
(735132, 32113)
(6626624, 1680992)
(2959373, 197312)
(38332521, 513624)
(5268367, 727211)
(3596080, 122105)
(925749, 38079)
(19552860, 194500)
(9992167, 506811)
(1404054, 345064)
(1612136, 228959)
(12882135, 114230)
(6570902, 876384)
(3090416, 214237)
(2893957, 125310)
(4395295, 27679)
(4625470, 220236)
(1328302, 18681)
(5928814, 39174)
(6692824, 692600)
(9895622, 118210)
(5420380, 308096)
(2991207, 160628)
(6044171, 42838)
(1015165, 32315)
(1868516, 289102)
(2790136, 55916)
(1323459, 43627)
(8899339, 83203)
(2085287, 84683)
(19651127, 96460)
(9848060, 474069)
(723393, 73529)
(11570808, 898553)
(3850568, 655057)
(3930065, 174365)
(12773801, 49528)
(1051511, 179883)
(4774839, 131674)
(844877, 13646)
(6495978, 670820)
(26448193, 978908)
(2900872, 200567)
(626630, 7855)
(8260405, 230436)
(6971406, 46478)
(1854304, 46536)
(5742713, 259680)
(582658, 64235)
(4833722, 198525)
(735132, 32113)
(6626624, 1680992)
(2959373, 197312)
(38332521, 513624)
(5268367, 727211)
(3596080, 122105)
(925749, 38079)
(19552860, 194500)
(9992167, 506811)
(1404054, 345064)
(1612136, 228959)
(12882135, 114230)
(6570902, 876384)
(3090416, 214237)
(2893957, 125310)
(4395295, 27679)
(4625470, 220236)
(1328302, 18681)
(5928814, 39174)
(6692824, 692600)
(9895622, 118210)
(5420380, 308096)
(2991207, 160628)
(6044171, 42838)
(1015165, 32315)
(1868516, 289102)
(2790136, 55916)
(1323459, 43627)
(8899339, 83203)
(2085287, 84683)
(19651127, 96460)
(9848060, 474069)
(723393, 73529)
(11570808, 898553)
(3850568, 655057)
(3930065, 174365)
(12773801, 49528)
(1051511, 179883)
(4774839, 131674)
(844877, 13646)
(6495978, 670820)
(26448193, 978908)
(2900872, 200567)
(626630, 7855)
(8260405, 230436)
(6971406, 46478)
(1854304, 46536)
(5742713, 259680)
(582658, 64235)
(4833722, 198525)
(735132, 32113)
(6626624, 1680992)
(2959373, 197312)
(38332521, 513624)
(5268367, 727211)
(3596080, 122105)
(925749, 38079)
(19552860, 194500)
(9992167, 506811)
(1404054, 345064)
(1612136, 228959)
(12882135, 114230)
(6570902, 876384)
(3090416, 214237)
(2893957, 125310)
(4395295, 27679)
(4625470, 220236)
(1328302, 18681)
(5928814, 39174)
(6692824, 692600)
(9895622, 118210)
(5420380, 308096)
(2991207, 160628)
(6044171, 42838)
(1015165, 32315)
(1868516, 289102)
(2790136, 55916)
(1323459, 43627)
(8899339, 83203)
(2085287, 84683)
(19651127, 96460)
(9848060, 474069)
(723393, 73529)
(11570808, 898553)
(3850568, 655057)
(3930065, 174365)
(12773801, 49528)
(1051511, 179883)
(4774839, 131674)
(844877, 13646)
(6495978, 670820)
(26448193, 978908)
(2900872, 200567)
(626630, 7855)
(8260405, 230436)
(6971406, 46478)
(1854304, 46536)
(5742713, 259680)
(582658, 64235)
(8899339, 83203)
(1051511, 179883)
(6692824, 692600)
(3596080, 122105)
(5928814, 39174)
(925749, 38079)
(19651127, 96460)
(19552860, 194500)
(12773801, 49528)
(11570808, 898553)
(38332521, 513624)
(12882135, 114230)
(1404054, 345064)
(8260405, 230436)
(9848060, 474069)
(6570902, 876384)
(9895622, 118210)
(9992167, 506811)
(4774839, 131674)
(6495978, 670820)
(1323459, 43627)
(4395295, 27679)
(4625470, 220236)
(5742713, 259680)
(6971406, 46478)
(26448193, 978908)
(4833722, 198525)
(6044171, 42838)
(1854304, 46536)
(5420380, 308096)
(626630, 7855)
(2991207, 160628)
(6626624, 1680992)
(2959373, 197312)
(3850568, 655057)
(3090416, 214237)
(5268367, 727211)
(1328302, 18681)
(3930065, 174365)
(2893957, 125310)
(2900872, 200567)
(2790136, 55916)
(1868516, 289102)
(1612136, 228959)
(2085287, 84683)
(844877, 13646)
(723393, 73529)
(1015165, 32315)
(582658, 64235)
(735132, 32113)
(646449, None)
(3615086, None)
(106405, None)
(159358, None)
(55519, None)
(53883, None)
[(' Alabama', 159.8), (' Arizona', 517.6), (' Arkansas', 116.2), (' California', 97.9), (' Colorado', 153.3), (' Connecticut', 17.3), (' Florida', 95.7), (' Georgia', 133.5), (' Hawaii', 68.4), (' Idaho', 63.8), (' Illinois', 54.0), (' Indiana', 361.5), (' Iowa', 75.8), (' Kansas', 56.0), (' Louisiana', 76.8), (' Massachusetts', 89.6), (' Michigan', 35.0), (' Minnesota', 52.8), (' Mississippi', 104.9), (' Nebraska', 74.6), (' North Carolina', 114.6), (' Ohio', 210.3), (' Oklahoma', 620.3), (' Oregon', 45.7), (' Rhode Island', 18.5), (' South Carolina', 125.2), (' Tennessee', 525.9), (' Texas', 305.1), (' Utah', 109.1), (' Virginia', 60.1), (' Wisconsin', 68.7)]
[(' Arizona', 1680992, 517.6, 3247.666151468315), (' California', 513624, 97.9, 5246.414708886618), (' Colorado', 727211, 153.3, 4743.711676451402), (' Georgia', 506811, 133.5, 3796.3370786516853), (' Indiana', 876384, 361.5, 2424.298755186722), (' Massachusetts', 692600, 89.6, 7729.910714285715), (' Ohio', 898553, 210.3, 4272.719923918212), (' Oklahoma', 655057, 620.3, 1056.0325648879575), (' Tennessee', 670820, 525.9, 1275.5656969005515), (' Texas', 978908, 305.1, 3208.4824647656505)]
(7866.9,)
(271694.46,)
(7855,)
(1680992,)
